生成启动时间为 2019/8/25 20:21:05。
     1>项目“E:\比特\learning-C\three-in-a-row\three-in-a-row.vcxproj”在节点 2 上(build 个目标)。
     1>InitializeBuildStatus:
         正在创建“Debug\three-in-a-row.unsuccessfulbuild”，因为已指定“AlwaysCreate”。
       ClCompile:
         d:\Microsoft Visual Studio 10.0\VC\bin\CL.exe /c /ZI /nologo /W3 /WX- /Od /Oy- /D _MBCS /Gm /EHsc /RTC1 /MDd /GS /fp:precise /Zc:wchar_t /Zc:forScope /Fo"Debug\\" /Fd"Debug\vc100.pdb" /Gd /TC /analyze- /errorReport:prompt game.c
         game.c
       Link:
         d:\Microsoft Visual Studio 10.0\VC\bin\link.exe /ERRORREPORT:PROMPT /OUT:"E:\比特\learning-C\three-in-a-row\Debug\three-in-a-row.exe" /NOLOGO kernel32.lib user32.lib gdi32.lib winspool.lib comdlg32.lib advapi32.lib shell32.lib ole32.lib oleaut32.lib uuid.lib odbc32.lib odbccp32.lib /MANIFEST /ManifestFile:"Debug\three-in-a-row.exe.intermediate.manifest" /MANIFESTUAC:"level='asInvoker' uiAccess='false'" /DEBUG /PDB:"E:\比特\learning-C\three-in-a-row\Debug\three-in-a-row.pdb" /SUBSYSTEM:CONSOLE /TLBID:1 /DYNAMICBASE /NXCOMPAT /IMPLIB:"E:\比特\learning-C\three-in-a-row\Debug\three-in-a-row.lib" /MACHINE:X86 Debug\game.obj
         Debug\test.obj
         LINK : 没有找到 E:\比特\learning-C\three-in-a-row\Debug\three-in-a-row.exe 或上一个增量链接没有生成它；正在执行完全链接
         three-in-a-row.vcxproj -> E:\比特\learning-C\three-in-a-row\Debug\three-in-a-row.exe
       Manifest:
         C:\Program Files (x86)\Microsoft SDKs\Windows\v7.0A\bin\mt.exe /nologo /verbose /outputresource:"E:\比特\learning-C\three-in-a-row\Debug\three-in-a-row.exe;#1" /manifest "Debug\three-in-a-row.exe.intermediate.manifest"
       FinalizeBuildStatus:
         正在删除文件“Debug\three-in-a-row.unsuccessfulbuild”。
         正在对“Debug\three-in-a-row.lastbuildstate”执行 Touch 任务。
     1>已完成生成项目“E:\比特\learning-C\three-in-a-row\three-in-a-row.vcxproj”(build 个目标)的操作。

生成成功。

已用时间 00:00:00.40
